2021-06-17 15:10:39,432 INFO org.springframework.boot.StartupInfoLogger [main] Starting RueckgabeApplication using Java 13.0.5.1 on Thomass-MacBook-Pro-3.local with PID 72475 (/Users/thomas/kurs/scooter/scooter-rueckgabe-service/target/classes started by thomas in /Users/thomas/kurs/scooter/scooter-rueckgabe-service)
2021-06-17 15:10:39,436 INFO org.springframework.boot.SpringApplication [main] No active profile set, falling back to default profiles: default
2021-06-17 15:10:40,621 INFO org.springframework.boot.web.embedded.tomcat.TomcatWebServer [main] Tomcat initialized with port(s): 8082 (http)
2021-06-17 15:10:40,632 INFO org.apache.juli.logging.DirectJDKLog [main] Initializing ProtocolHandler ["http-nio-8082"]
2021-06-17 15:10:40,633 INFO org.apache.juli.logging.DirectJDKLog [main] Starting service [Tomcat]
2021-06-17 15:10:40,633 INFO org.apache.juli.logging.DirectJDKLog [main] Starting Servlet engine: [Apache Tomcat/9.0.46]
2021-06-17 15:10:40,699 INFO org.apache.juli.logging.DirectJDKLog [main] Initializing Spring embedded WebApplicationContext
2021-06-17 15:10:40,699 INFO org.springframework.boot.web.servlet.context.ServletWebServerApplicationContext [main] Root WebApplicationContext: initialization completed in 1207 ms
2021-06-17 15:10:41,276 INFO org.apache.juli.logging.DirectJDKLog [main] Starting ProtocolHandler ["http-nio-8082"]
2021-06-17 15:10:41,291 INFO org.springframework.boot.web.embedded.tomcat.TomcatWebServer [main] Tomcat started on port(s): 8082 (http) with context path ''
2021-06-17 15:10:41,490 INFO org.springframework.boot.StartupInfoLogger [main] Started RueckgabeApplication in 2.696 seconds (JVM running for 3.07)
2021-06-18 14:20:32,387 INFO org.springframework.boot.StartupInfoLogger [main] Starting RueckgabeApplication using Java 11.0.10 on Daniels-MacBook-Pro.local with PID 54405 (/Users/daniel/git/predic8internal/Spring-workshop/rueckgabe-service/target/classes started by daniel in /Users/daniel/git/predic8internal/Spring-workshop/rueckgabe-service)
2021-06-18 14:20:32,392 INFO org.springframework.boot.SpringApplication [main] No active profile set, falling back to default profiles: default
2021-06-18 14:20:33,461 INFO org.springframework.context.support.PostProcessorRegistrationDelegate$BeanPostProcessorChecker [main] Bean 'io.opentracing.contrib.spring.cloud.async.DefaultAsyncAutoConfiguration$DefaultTracedAsyncConfigurerSupport' of type [io.opentracing.contrib.spring.cloud.async.DefaultAsyncAutoConfiguration$DefaultTracedAsyncConfigurerSupport$$EnhancerBySpringCGLIB$$b7f03a14] is not eligible for getting processed by all BeanPostProcessors (for example: not eligible for auto-proxying)
2021-06-18 14:20:33,538 INFO org.springframework.context.support.PostProcessorRegistrationDelegate$BeanPostProcessorChecker [main] Bean 'io.opentracing.contrib.spring.cloud.async.DefaultAsyncAutoConfiguration' of type [io.opentracing.contrib.spring.cloud.async.DefaultAsyncAutoConfiguration$$EnhancerBySpringCGLIB$$b90e0ab1] is not eligible for getting processed by all BeanPostProcessors (for example: not eligible for auto-proxying)
2021-06-18 14:20:33,683 INFO org.springframework.context.support.PostProcessorRegistrationDelegate$BeanPostProcessorChecker [main] Bean 'io.opentracing.contrib.spring.cloud.kafka.KafkaAutoConfiguration' of type [io.opentracing.contrib.spring.cloud.kafka.KafkaAutoConfiguration$$EnhancerBySpringCGLIB$$2eb3532e] is not eligible for getting processed by all BeanPostProcessors (for example: not eligible for auto-proxying)
2021-06-18 14:20:33,690 INFO org.springframework.context.support.PostProcessorRegistrationDelegate$BeanPostProcessorChecker [main] Bean 'io.opentracing.contrib.java.spring.jaeger.starter.JaegerAutoConfiguration' of type [io.opentracing.contrib.java.spring.jaeger.starter.JaegerAutoConfiguration$$EnhancerBySpringCGLIB$$c9d518a0] is not eligible for getting processed by all BeanPostProcessors (for example: not eligible for auto-proxying)
2021-06-18 14:20:33,716 INFO org.springframework.context.support.PostProcessorRegistrationDelegate$BeanPostProcessorChecker [main] Bean 'opentracing.jaeger-io.opentracing.contrib.java.spring.jaeger.starter.JaegerConfigurationProperties' of type [io.opentracing.contrib.java.spring.jaeger.starter.JaegerConfigurationProperties] is not eligible for getting processed by all BeanPostProcessors (for example: not eligible for auto-proxying)
2021-06-18 14:20:33,726 INFO org.springframework.context.support.PostProcessorRegistrationDelegate$BeanPostProcessorChecker [main] Bean 'metricsFactory' of type [io.jaegertracing.internal.metrics.NoopMetricsFactory] is not eligible for getting processed by all BeanPostProcessors (for example: not eligible for auto-proxying)
2021-06-18 14:20:33,731 INFO org.springframework.context.support.PostProcessorRegistrationDelegate$BeanPostProcessorChecker [main] Bean 'metrics' of type [io.jaegertracing.internal.metrics.Metrics] is not eligible for getting processed by all BeanPostProcessors (for example: not eligible for auto-proxying)
2021-06-18 14:20:33,734 INFO org.springframework.context.support.PostProcessorRegistrationDelegate$BeanPostProcessorChecker [main] Bean 'sampler' of type [io.jaegertracing.internal.samplers.ConstSampler] is not eligible for getting processed by all BeanPostProcessors (for example: not eligible for auto-proxying)
2021-06-18 14:20:33,750 INFO org.springframework.context.support.PostProcessorRegistrationDelegate$BeanPostProcessorChecker [main] Bean 'reporter' of type [io.jaegertracing.internal.reporters.CompositeReporter] is not eligible for getting processed by all BeanPostProcessors (for example: not eligible for auto-proxying)
2021-06-18 14:20:33,760 INFO org.springframework.context.support.PostProcessorRegistrationDelegate$BeanPostProcessorChecker [main] Bean 'tracer' of type [io.jaegertracing.internal.JaegerTracer] is not eligible for getting processed by all BeanPostProcessors (for example: not eligible for auto-proxying)
2021-06-18 14:20:34,011 INFO org.springframework.boot.web.embedded.tomcat.TomcatWebServer [main] Tomcat initialized with port(s): 8082 (http)
2021-06-18 14:20:34,019 INFO org.apache.juli.logging.DirectJDKLog [main] Initializing ProtocolHandler ["http-nio-8082"]
2021-06-18 14:20:34,020 INFO org.apache.juli.logging.DirectJDKLog [main] Starting service [Tomcat]
2021-06-18 14:20:34,020 INFO org.apache.juli.logging.DirectJDKLog [main] Starting Servlet engine: [Apache Tomcat/9.0.46]
2021-06-18 14:20:34,091 INFO org.apache.juli.logging.DirectJDKLog [main] Initializing Spring embedded WebApplicationContext
2021-06-18 14:20:34,091 INFO org.springframework.boot.web.servlet.context.ServletWebServerApplicationContext [main] Root WebApplicationContext: initialization completed in 1656 ms
2021-06-18 14:20:34,432 INFO io.opentracing.contrib.spring.web.starter.ServerTracingAutoConfiguration [main] Creating FilterRegistrationBean bean with TracingFilter mapped to [], skip pattern is "/api-docs.*|/swagger.*|.*\.png|.*\.css|.*\.js|.*\.html|/favicon.ico|/hystrix.stream|/actuator/(beans|beans/.*|caches|caches/.*|health|health/.*|info|info/.*|conditions|conditions/.*|configprops|configprops/.*|env|env/.*|loggers|loggers/.*|heapdump|heapdump/.*|threaddump|threaddump/.*|metrics|metrics/.*|scheduledtasks|scheduledtasks/.*|mappings|mappings/.*)"
2021-06-18 14:20:34,892 INFO io.opentracing.contrib.spring.web.starter.ServerTracingAutoConfiguration [main] Creating WebMvcConfigurer bean with class io.opentracing.contrib.spring.web.interceptor.TracingHandlerInterceptor
2021-06-18 14:20:35,003 INFO org.springframework.boot.actuate.endpoint.web.EndpointLinksResolver [main] Exposing 13 endpoint(s) beneath base path '/actuator'
2021-06-18 14:20:35,634 INFO org.apache.juli.logging.DirectJDKLog [main] Starting ProtocolHandler ["http-nio-8082"]
2021-06-18 14:20:35,667 INFO org.springframework.boot.web.embedded.tomcat.TomcatWebServer [main] Tomcat started on port(s): 8082 (http) with context path ''
2021-06-18 14:20:35,940 INFO org.springframework.boot.StartupInfoLogger [main] Started RueckgabeApplication in 4.035 seconds (JVM running for 4.826)
2021-06-18 14:20:36,477 INFO org.apache.juli.logging.DirectJDKLog [RMI TCP Connection(2)-127.0.0.1] Initializing Spring DispatcherServlet 'dispatcherServlet'
2021-06-18 14:20:36,478 INFO org.springframework.web.servlet.FrameworkServlet [RMI TCP Connection(2)-127.0.0.1] Initializing Servlet 'dispatcherServlet'
2021-06-18 14:20:36,480 INFO org.springframework.web.servlet.FrameworkServlet [RMI TCP Connection(2)-127.0.0.1] Completed initialization in 2 ms
2021-06-18 14:31:16,434 INFO org.apache.kafka.common.config.AbstractConfig [http-nio-8082-exec-1] ProducerConfig values: 
	acks = 1
	batch.size = 16384
	bootstrap.servers = [localhost:9092]
	buffer.memory = 33554432
	client.dns.lookup = use_all_dns_ips
	client.id = producer-1
	compression.type = none
	connections.max.idle.ms = 540000
	delivery.timeout.ms = 120000
	enable.idempotence = false
	interceptor.classes = []
	internal.auto.downgrade.txn.commit = true
	key.serializer = class org.apache.kafka.common.serialization.StringSerializer
	linger.ms = 0
	max.block.ms = 60000
	max.in.flight.requests.per.connection = 5
	max.request.size = 1048576
	metadata.max.age.ms = 300000
	metadata.max.idle.ms = 300000
	metric.reporters = []
	metrics.num.samples = 2
	metrics.recording.level = INFO
	metrics.sample.window.ms = 30000
	partitioner.class = class org.apache.kafka.clients.producer.internals.DefaultPartitioner
	receive.buffer.bytes = 32768
	reconnect.backoff.max.ms = 1000
	reconnect.backoff.ms = 50
	request.timeout.ms = 30000
	retries = 2147483647
	retry.backoff.ms = 100
	sasl.client.callback.handler.class = null
	sasl.jaas.config = null
	sasl.kerberos.kinit.cmd = /usr/bin/kinit
	sasl.kerberos.min.time.before.relogin = 60000
	sasl.kerberos.service.name = null
	sasl.kerberos.ticket.renew.jitter = 0.05
	sasl.kerberos.ticket.renew.window.factor = 0.8
	sasl.login.callback.handler.class = null
	sasl.login.class = null
	sasl.login.refresh.buffer.seconds = 300
	sasl.login.refresh.min.period.seconds = 60
	sasl.login.refresh.window.factor = 0.8
	sasl.login.refresh.window.jitter = 0.05
	sasl.mechanism = GSSAPI
	security.protocol = PLAINTEXT
	security.providers = null
	send.buffer.bytes = 131072
	socket.connection.setup.timeout.max.ms = 127000
	socket.connection.setup.timeout.ms = 10000
	ssl.cipher.suites = null
	ssl.enabled.protocols = [TLSv1.2, TLSv1.3]
	ssl.endpoint.identification.algorithm = https
	ssl.engine.factory.class = null
	ssl.key.password = null
	ssl.keymanager.algorithm = SunX509
	ssl.keystore.certificate.chain = null
	ssl.keystore.key = null
	ssl.keystore.location = null
	ssl.keystore.password = null
	ssl.keystore.type = JKS
	ssl.protocol = TLSv1.3
	ssl.provider = null
	ssl.secure.random.implementation = null
	ssl.trustmanager.algorithm = PKIX
	ssl.truststore.certificates = null
	ssl.truststore.location = null
	ssl.truststore.password = null
	ssl.truststore.type = JKS
	transaction.timeout.ms = 60000
	transactional.id = null
	value.serializer = class org.apache.kafka.common.serialization.StringSerializer

2021-06-18 14:31:16,481 INFO org.apache.kafka.common.utils.AppInfoParser$AppInfo [http-nio-8082-exec-1] Kafka version: 2.7.1
2021-06-18 14:31:16,482 INFO org.apache.kafka.common.utils.AppInfoParser$AppInfo [http-nio-8082-exec-1] Kafka commitId: 61dbce85d0d41457
2021-06-18 14:31:16,483 INFO org.apache.kafka.common.utils.AppInfoParser$AppInfo [http-nio-8082-exec-1] Kafka startTimeMs: 1624019476480
2021-06-18 14:31:16,718 INFO org.apache.kafka.clients.Metadata [kafka-producer-network-thread | producer-1] [Producer clientId=producer-1] Cluster ID: L1d-sAAJRlOPw0OtA7dunQ
2021-06-18 14:31:16,738 INFO io.jaegertracing.internal.reporters.LoggingReporter [http-nio-8082-exec-1] Span reported: 40ec36711f5731f3:40ec36711f5731f3:0:1 - rueckgabe
2021-06-18 14:31:16,748 INFO io.jaegertracing.internal.reporters.LoggingReporter [kafka-producer-network-thread | producer-1] Span reported: 40ec36711f5731f3:ab514ce07cd7c29c:40ec36711f5731f3:1 - To_scooter.rueckgabe
2021-06-18 16:00:45,597 INFO org.apache.kafka.clients.producer.KafkaProducer [SpringApplicationShutdownHook] [Producer clientId=producer-1] Closing the Kafka producer with timeoutMillis = 30000 ms.
2021-06-18 16:00:45,602 INFO org.apache.kafka.common.metrics.Metrics [SpringApplicationShutdownHook] Metrics scheduler closed
2021-06-18 16:00:45,602 INFO org.apache.kafka.common.metrics.Metrics [SpringApplicationShutdownHook] Closing reporter org.apache.kafka.common.metrics.JmxReporter
2021-06-18 16:00:45,602 INFO org.apache.kafka.common.metrics.Metrics [SpringApplicationShutdownHook] Metrics reporters closed
2021-06-18 16:00:45,603 INFO org.apache.kafka.common.utils.AppInfoParser [SpringApplicationShutdownHook] App info kafka.producer for producer-1 unregistered
2021-06-18 16:01:12,042 INFO org.springframework.boot.StartupInfoLogger [main] Starting RueckgabeApplication using Java 11.0.10 on Daniels-MacBook-Pro.local with PID 57141 (/Users/daniel/git/predic8internal/Spring-workshop/rueckgabe-service/target/classes started by daniel in /Users/daniel/git/predic8internal/Spring-workshop/rueckgabe-service)
2021-06-18 16:01:12,146 INFO org.springframework.boot.SpringApplication [main] No active profile set, falling back to default profiles: default
2021-06-18 16:01:15,505 INFO org.springframework.context.support.PostProcessorRegistrationDelegate$BeanPostProcessorChecker [main] Bean 'io.opentracing.contrib.spring.cloud.async.DefaultAsyncAutoConfiguration$DefaultTracedAsyncConfigurerSupport' of type [io.opentracing.contrib.spring.cloud.async.DefaultAsyncAutoConfiguration$DefaultTracedAsyncConfigurerSupport$$EnhancerBySpringCGLIB$$53b74b7f] is not eligible for getting processed by all BeanPostProcessors (for example: not eligible for auto-proxying)
2021-06-18 16:01:15,640 INFO org.springframework.context.support.PostProcessorRegistrationDelegate$BeanPostProcessorChecker [main] Bean 'io.opentracing.contrib.spring.cloud.async.DefaultAsyncAutoConfiguration' of type [io.opentracing.contrib.spring.cloud.async.DefaultAsyncAutoConfiguration$$EnhancerBySpringCGLIB$$54d51c1c] is not eligible for getting processed by all BeanPostProcessors (for example: not eligible for auto-proxying)
2021-06-18 16:01:15,882 INFO org.springframework.context.support.PostProcessorRegistrationDelegate$BeanPostProcessorChecker [main] Bean 'io.opentracing.contrib.spring.cloud.kafka.KafkaAutoConfiguration' of type [io.opentracing.contrib.spring.cloud.kafka.KafkaAutoConfiguration$$EnhancerBySpringCGLIB$$ca7a6499] is not eligible for getting processed by all BeanPostProcessors (for example: not eligible for auto-proxying)
2021-06-18 16:01:15,895 INFO org.springframework.context.support.PostProcessorRegistrationDelegate$BeanPostProcessorChecker [main] Bean 'io.opentracing.contrib.java.spring.jaeger.starter.JaegerAutoConfiguration' of type [io.opentracing.contrib.java.spring.jaeger.starter.JaegerAutoConfiguration$$EnhancerBySpringCGLIB$$659c2a0b] is not eligible for getting processed by all BeanPostProcessors (for example: not eligible for auto-proxying)
2021-06-18 16:01:15,927 INFO org.springframework.context.support.PostProcessorRegistrationDelegate$BeanPostProcessorChecker [main] Bean 'opentracing.jaeger-io.opentracing.contrib.java.spring.jaeger.starter.JaegerConfigurationProperties' of type [io.opentracing.contrib.java.spring.jaeger.starter.JaegerConfigurationProperties] is not eligible for getting processed by all BeanPostProcessors (for example: not eligible for auto-proxying)
2021-06-18 16:01:15,946 INFO org.springframework.context.support.PostProcessorRegistrationDelegate$BeanPostProcessorChecker [main] Bean 'metricsFactory' of type [io.jaegertracing.internal.metrics.NoopMetricsFactory] is not eligible for getting processed by all BeanPostProcessors (for example: not eligible for auto-proxying)
2021-06-18 16:01:15,954 INFO org.springframework.context.support.PostProcessorRegistrationDelegate$BeanPostProcessorChecker [main] Bean 'metrics' of type [io.jaegertracing.internal.metrics.Metrics] is not eligible for getting processed by all BeanPostProcessors (for example: not eligible for auto-proxying)
2021-06-18 16:01:15,958 INFO org.springframework.context.support.PostProcessorRegistrationDelegate$BeanPostProcessorChecker [main] Bean 'sampler' of type [io.jaegertracing.internal.samplers.ConstSampler] is not eligible for getting processed by all BeanPostProcessors (for example: not eligible for auto-proxying)
2021-06-18 16:01:15,978 INFO org.springframework.context.support.PostProcessorRegistrationDelegate$BeanPostProcessorChecker [main] Bean 'reporter' of type [io.jaegertracing.internal.reporters.CompositeReporter] is not eligible for getting processed by all BeanPostProcessors (for example: not eligible for auto-proxying)
2021-06-18 16:01:15,992 INFO org.springframework.context.support.PostProcessorRegistrationDelegate$BeanPostProcessorChecker [main] Bean 'tracer' of type [io.jaegertracing.internal.JaegerTracer] is not eligible for getting processed by all BeanPostProcessors (for example: not eligible for auto-proxying)
2021-06-18 16:01:16,310 INFO org.springframework.boot.web.embedded.tomcat.TomcatWebServer [main] Tomcat initialized with port(s): 8082 (http)
2021-06-18 16:01:16,320 INFO org.apache.juli.logging.DirectJDKLog [main] Starting service [Tomcat]
2021-06-18 16:01:16,320 INFO org.apache.juli.logging.DirectJDKLog [main] Starting Servlet engine: [Apache Tomcat/9.0.46]
2021-06-18 16:01:16,393 INFO org.apache.juli.logging.DirectJDKLog [main] Initializing Spring embedded WebApplicationContext
2021-06-18 16:01:16,393 INFO org.springframework.boot.web.servlet.context.ServletWebServerApplicationContext [main] Root WebApplicationContext: initialization completed in 4063 ms
2021-06-18 16:01:16,772 INFO io.opentracing.contrib.spring.web.starter.ServerTracingAutoConfiguration [main] Creating FilterRegistrationBean bean with TracingFilter mapped to [], skip pattern is "/api-docs.*|/swagger.*|.*\.png|.*\.css|.*\.js|.*\.html|/favicon.ico|/hystrix.stream|/actuator/(beans|beans/.*|caches|caches/.*|health|health/.*|info|info/.*|conditions|conditions/.*|configprops|configprops/.*|env|env/.*|loggers|loggers/.*|heapdump|heapdump/.*|threaddump|threaddump/.*|metrics|metrics/.*|scheduledtasks|scheduledtasks/.*|mappings|mappings/.*)"
2021-06-18 16:01:17,332 INFO io.opentracing.contrib.spring.web.starter.ServerTracingAutoConfiguration [main] Creating WebMvcConfigurer bean with class io.opentracing.contrib.spring.web.interceptor.TracingHandlerInterceptor
2021-06-18 16:01:17,445 INFO org.springframework.boot.actuate.endpoint.web.EndpointLinksResolver [main] Exposing 13 endpoint(s) beneath base path '/actuator'
2021-06-18 16:01:18,126 INFO org.springframework.boot.web.embedded.tomcat.TomcatWebServer [main] Tomcat started on port(s): 8082 (http) with context path ''
2021-06-18 16:01:18,412 INFO org.springframework.boot.StartupInfoLogger [main] Started RueckgabeApplication in 7.747 seconds (JVM running for 8.967)
2021-06-18 16:01:18,616 INFO org.apache.juli.logging.DirectJDKLog [RMI TCP Connection(5)-127.0.0.1] Initializing Spring DispatcherServlet 'dispatcherServlet'
2021-06-18 16:01:18,617 INFO org.springframework.web.servlet.FrameworkServlet [RMI TCP Connection(5)-127.0.0.1] Initializing Servlet 'dispatcherServlet'
2021-06-18 16:01:18,620 INFO org.springframework.web.servlet.FrameworkServlet [RMI TCP Connection(5)-127.0.0.1] Completed initialization in 3 ms
2021-06-18 16:16:14,513 INFO org.springframework.boot.StartupInfoLogger [main] Starting RueckgabeApplication using Java 11.0.10 on Daniels-MacBook-Pro.local with PID 57679 (/Users/daniel/git/predic8internal/Spring-workshop/rueckgabe-service/target/classes started by daniel in /Users/daniel/git/predic8internal/Spring-workshop/rueckgabe-service)
2021-06-18 16:16:14,516 INFO org.springframework.boot.SpringApplication [main] No active profile set, falling back to default profiles: default
2021-06-18 16:16:15,618 INFO org.springframework.context.support.PostProcessorRegistrationDelegate$BeanPostProcessorChecker [main] Bean 'io.opentracing.contrib.spring.cloud.async.DefaultAsyncAutoConfiguration$DefaultTracedAsyncConfigurerSupport' of type [io.opentracing.contrib.spring.cloud.async.DefaultAsyncAutoConfiguration$DefaultTracedAsyncConfigurerSupport$$EnhancerBySpringCGLIB$$f4454cbe] is not eligible for getting processed by all BeanPostProcessors (for example: not eligible for auto-proxying)
2021-06-18 16:16:15,712 INFO org.springframework.context.support.PostProcessorRegistrationDelegate$BeanPostProcessorChecker [main] Bean 'io.opentracing.contrib.spring.cloud.async.DefaultAsyncAutoConfiguration' of type [io.opentracing.contrib.spring.cloud.async.DefaultAsyncAutoConfiguration$$EnhancerBySpringCGLIB$$f5631d5b] is not eligible for getting processed by all BeanPostProcessors (for example: not eligible for auto-proxying)
2021-06-18 16:16:15,874 INFO org.springframework.context.support.PostProcessorRegistrationDelegate$BeanPostProcessorChecker [main] Bean 'io.opentracing.contrib.spring.cloud.kafka.KafkaAutoConfiguration' of type [io.opentracing.contrib.spring.cloud.kafka.KafkaAutoConfiguration$$EnhancerBySpringCGLIB$$6b0865d8] is not eligible for getting processed by all BeanPostProcessors (for example: not eligible for auto-proxying)
2021-06-18 16:16:15,881 INFO org.springframework.context.support.PostProcessorRegistrationDelegate$BeanPostProcessorChecker [main] Bean 'io.opentracing.contrib.java.spring.jaeger.starter.JaegerAutoConfiguration' of type [io.opentracing.contrib.java.spring.jaeger.starter.JaegerAutoConfiguration$$EnhancerBySpringCGLIB$$62a2b4a] is not eligible for getting processed by all BeanPostProcessors (for example: not eligible for auto-proxying)
2021-06-18 16:16:15,904 INFO org.springframework.context.support.PostProcessorRegistrationDelegate$BeanPostProcessorChecker [main] Bean 'opentracing.jaeger-io.opentracing.contrib.java.spring.jaeger.starter.JaegerConfigurationProperties' of type [io.opentracing.contrib.java.spring.jaeger.starter.JaegerConfigurationProperties] is not eligible for getting processed by all BeanPostProcessors (for example: not eligible for auto-proxying)
2021-06-18 16:16:15,914 INFO org.springframework.context.support.PostProcessorRegistrationDelegate$BeanPostProcessorChecker [main] Bean 'metricsFactory' of type [io.jaegertracing.internal.metrics.NoopMetricsFactory] is not eligible for getting processed by all BeanPostProcessors (for example: not eligible for auto-proxying)
2021-06-18 16:16:15,919 INFO org.springframework.context.support.PostProcessorRegistrationDelegate$BeanPostProcessorChecker [main] Bean 'metrics' of type [io.jaegertracing.internal.metrics.Metrics] is not eligible for getting processed by all BeanPostProcessors (for example: not eligible for auto-proxying)
2021-06-18 16:16:15,921 INFO org.springframework.context.support.PostProcessorRegistrationDelegate$BeanPostProcessorChecker [main] Bean 'sampler' of type [io.jaegertracing.internal.samplers.ConstSampler] is not eligible for getting processed by all BeanPostProcessors (for example: not eligible for auto-proxying)
2021-06-18 16:16:15,941 INFO org.springframework.context.support.PostProcessorRegistrationDelegate$BeanPostProcessorChecker [main] Bean 'reporter' of type [io.jaegertracing.internal.reporters.CompositeReporter] is not eligible for getting processed by all BeanPostProcessors (for example: not eligible for auto-proxying)
2021-06-18 16:16:15,950 INFO org.springframework.context.support.PostProcessorRegistrationDelegate$BeanPostProcessorChecker [main] Bean 'tracer' of type [io.jaegertracing.internal.JaegerTracer] is not eligible for getting processed by all BeanPostProcessors (for example: not eligible for auto-proxying)
2021-06-18 16:16:16,218 INFO org.springframework.boot.web.embedded.tomcat.TomcatWebServer [main] Tomcat initialized with port(s): 8082 (http)
2021-06-18 16:16:16,225 INFO org.apache.juli.logging.DirectJDKLog [main] Starting service [Tomcat]
2021-06-18 16:16:16,225 INFO org.apache.juli.logging.DirectJDKLog [main] Starting Servlet engine: [Apache Tomcat/9.0.46]
2021-06-18 16:16:16,297 INFO org.apache.juli.logging.DirectJDKLog [main] Initializing Spring embedded WebApplicationContext
2021-06-18 16:16:16,298 INFO org.springframework.boot.web.servlet.context.ServletWebServerApplicationContext [main] Root WebApplicationContext: initialization completed in 1745 ms
2021-06-18 16:16:16,650 INFO io.opentracing.contrib.spring.web.starter.ServerTracingAutoConfiguration [main] Creating FilterRegistrationBean bean with TracingFilter mapped to [], skip pattern is "/api-docs.*|/swagger.*|.*\.png|.*\.css|.*\.js|.*\.html|/favicon.ico|/hystrix.stream|/actuator/(beans|beans/.*|caches|caches/.*|health|health/.*|info|info/.*|conditions|conditions/.*|configprops|configprops/.*|env|env/.*|loggers|loggers/.*|heapdump|heapdump/.*|threaddump|threaddump/.*|metrics|metrics/.*|scheduledtasks|scheduledtasks/.*|mappings|mappings/.*)"
2021-06-18 16:16:17,159 INFO io.opentracing.contrib.spring.web.starter.ServerTracingAutoConfiguration [main] Creating WebMvcConfigurer bean with class io.opentracing.contrib.spring.web.interceptor.TracingHandlerInterceptor
2021-06-18 16:16:17,267 INFO org.springframework.boot.actuate.endpoint.web.EndpointLinksResolver [main] Exposing 13 endpoint(s) beneath base path '/actuator'
2021-06-18 16:16:17,920 INFO org.springframework.boot.web.embedded.tomcat.TomcatWebServer [main] Tomcat started on port(s): 8082 (http) with context path ''
2021-06-18 16:16:18,166 INFO org.springframework.boot.StartupInfoLogger [main] Started RueckgabeApplication in 4.009 seconds (JVM running for 4.602)
2021-06-18 16:16:18,252 INFO org.apache.juli.logging.DirectJDKLog [RMI TCP Connection(2)-127.0.0.1] Initializing Spring DispatcherServlet 'dispatcherServlet'
2021-06-18 16:16:18,253 INFO org.springframework.web.servlet.FrameworkServlet [RMI TCP Connection(2)-127.0.0.1] Initializing Servlet 'dispatcherServlet'
2021-06-18 16:16:18,255 INFO org.springframework.web.servlet.FrameworkServlet [RMI TCP Connection(2)-127.0.0.1] Completed initialization in 2 ms
2021-06-18 16:16:22,351 INFO org.apache.kafka.common.config.AbstractConfig [http-nio-8082-exec-1] ProducerConfig values: 
	acks = 1
	batch.size = 16384
	bootstrap.servers = [localhost:9092]
	buffer.memory = 33554432
	client.dns.lookup = use_all_dns_ips
	client.id = producer-1
	compression.type = none
	connections.max.idle.ms = 540000
	delivery.timeout.ms = 120000
	enable.idempotence = false
	interceptor.classes = []
	internal.auto.downgrade.txn.commit = true
	key.serializer = class org.apache.kafka.common.serialization.StringSerializer
	linger.ms = 0
	max.block.ms = 60000
	max.in.flight.requests.per.connection = 5
	max.request.size = 1048576
	metadata.max.age.ms = 300000
	metadata.max.idle.ms = 300000
	metric.reporters = []
	metrics.num.samples = 2
	metrics.recording.level = INFO
	metrics.sample.window.ms = 30000
	partitioner.class = class org.apache.kafka.clients.producer.internals.DefaultPartitioner
	receive.buffer.bytes = 32768
	reconnect.backoff.max.ms = 1000
	reconnect.backoff.ms = 50
	request.timeout.ms = 30000
	retries = 2147483647
	retry.backoff.ms = 100
	sasl.client.callback.handler.class = null
	sasl.jaas.config = null
	sasl.kerberos.kinit.cmd = /usr/bin/kinit
	sasl.kerberos.min.time.before.relogin = 60000
	sasl.kerberos.service.name = null
	sasl.kerberos.ticket.renew.jitter = 0.05
	sasl.kerberos.ticket.renew.window.factor = 0.8
	sasl.login.callback.handler.class = null
	sasl.login.class = null
	sasl.login.refresh.buffer.seconds = 300
	sasl.login.refresh.min.period.seconds = 60
	sasl.login.refresh.window.factor = 0.8
	sasl.login.refresh.window.jitter = 0.05
	sasl.mechanism = GSSAPI
	security.protocol = PLAINTEXT
	security.providers = null
	send.buffer.bytes = 131072
	socket.connection.setup.timeout.max.ms = 127000
	socket.connection.setup.timeout.ms = 10000
	ssl.cipher.suites = null
	ssl.enabled.protocols = [TLSv1.2, TLSv1.3]
	ssl.endpoint.identification.algorithm = https
	ssl.engine.factory.class = null
	ssl.key.password = null
	ssl.keymanager.algorithm = SunX509
	ssl.keystore.certificate.chain = null
	ssl.keystore.key = null
	ssl.keystore.location = null
	ssl.keystore.password = null
	ssl.keystore.type = JKS
	ssl.protocol = TLSv1.3
	ssl.provider = null
	ssl.secure.random.implementation = null
	ssl.trustmanager.algorithm = PKIX
	ssl.truststore.certificates = null
	ssl.truststore.location = null
	ssl.truststore.password = null
	ssl.truststore.type = JKS
	transaction.timeout.ms = 60000
	transactional.id = null
	value.serializer = class org.apache.kafka.common.serialization.StringSerializer

2021-06-18 16:16:22,398 INFO org.apache.kafka.common.utils.AppInfoParser$AppInfo [http-nio-8082-exec-1] Kafka version: 2.7.1
2021-06-18 16:16:22,399 INFO org.apache.kafka.common.utils.AppInfoParser$AppInfo [http-nio-8082-exec-1] Kafka commitId: 61dbce85d0d41457
2021-06-18 16:16:22,400 INFO org.apache.kafka.common.utils.AppInfoParser$AppInfo [http-nio-8082-exec-1] Kafka startTimeMs: 1624025782396
2021-06-18 16:16:22,640 INFO org.apache.kafka.clients.Metadata [kafka-producer-network-thread | producer-1] [Producer clientId=producer-1] Cluster ID: L1d-sAAJRlOPw0OtA7dunQ
